unityLibrary/build/outputs/logs/manifest-merger-debug-report.txt
-- Merging decision tree log ---
manifest
ADDED from src\main\AndroidManifest.xml:2:1-77:12
INJECTED from src\main\AndroidManifest.xml:2:1-77:12
INJECTED from src\main\AndroidManifest.xml:2:1-77:12
INJECTED from src\main\AndroidManifest.xml:2:1-77:12
INJECTED from src\main\AndroidManifest.xml:2:1-77:12
INJECTED from src\main\AndroidManifest.xml:2:1-77:12
INJECTED from src\main\AndroidManifest.xml:2:1-77:12
	package
		ADDED from src\main\AndroidManifest.xml:4:5-33
		INJECTED from src\main\AndroidManifest.xml
		INJECTED from src\main\AndroidManifest.xml
	android:versionName
		INJECTED from src\main\AndroidManifest.xml
		ADDED from src\main\AndroidManifest.xml:2:1-77:12
		INJECTED from src\main\AndroidManifest.xml
	xmlns:tools
		ADDED from src\main\AndroidManifest.xml:3:5-51
	android:versionCode
		INJECTED from src\main\AndroidManifest.xml
		ADDED from src\main\AndroidManifest.xml:2:1-77:12
		INJECTED from src\main\AndroidManifest.xml
	xmlns:android
		ADDED from src\main\AndroidManifest.xml:2:11-69
uses-feature#0x00030000
ADDED from src\main\AndroidManifest.xml:6:5-54
	android:glEsVersion
		ADDED from src\main\AndroidManifest.xml:6:19-51
uses-feature#android.hardware.vulkan.version
ADDED from src\main\AndroidManifest.xml:7:5-9:36
	android:required
		ADDED from src\main\AndroidManifest.xml:9:9-33
	android:name
		ADDED from src\main\AndroidManifest.xml:8:9-55
uses-permission#android.permission.CAMERA
ADDED from src\main\AndroidManifest.xml:11:5-65
	android:name
		ADDED from src\main\AndroidManifest.xml:11:22-62
uses-feature#android.hardware.camera
ADDED from src\main\AndroidManifest.xml:13:5-15:36
	android:required
		ADDED from src\main\AndroidManifest.xml:15:9-33
	android:name
		ADDED from src\main\AndroidManifest.xml:14:9-47
uses-feature#android.hardware.camera.autofocus
ADDED from src\main\AndroidManifest.xml:16:5-18:36
	android:required
		ADDED from src\main\AndroidManifest.xml:18:9-33
	android:name
		ADDED from src\main\AndroidManifest.xml:17:9-57
uses-feature#android.hardware.camera.front
ADDED from src\main\AndroidManifest.xml:19:5-21:36
	android:required
		ADDED from src\main\AndroidManifest.xml:21:9-33
	android:name
		ADDED from src\main\AndroidManifest.xml:20:9-53
uses-feature#android.hardware.touchscreen
ADDED from src\main\AndroidManifest.xml:22:5-24:36
	android:required
		ADDED from src\main\AndroidManifest.xml:24:9-33
	android:name
		ADDED from src\main\AndroidManifest.xml:23:9-52
uses-feature#android.hardware.touchscreen.multitouch
ADDED from src\main\AndroidManifest.xml:25:5-27:36
	android:required
		ADDED from src\main\AndroidManifest.xml:27:9-33
	android:name
		ADDED from src\main\AndroidManifest.xml:26:9-63
uses-feature#android.hardware.touchscreen.multitouch.distinct
ADDED from src\main\AndroidManifest.xml:28:5-30:36
	android:required
		ADDED from src\main\AndroidManifest.xml:30:9-33
	android:name
		ADDED from src\main\AndroidManifest.xml:29:9-72
application
ADDED from src\main\AndroidManifest.xml:32:5-75:19
activity#com.unity3d.player.AquaKonfigurasiPin
ADDED from src\main\AndroidManifest.xml:33:9-55
	android:name
		ADDED from src\main\AndroidManifest.xml:33:19-53
activity#com.unity3d.player.MainMenu
ADDED from src\main\AndroidManifest.xml:34:9-46
	android:name
		ADDED from src\main\AndroidManifest.xml:34:19-43
activity#com.unity3d.player.MenuAquaponik
ADDED from src\main\AndroidManifest.xml:35:9-51
	android:name
		ADDED from src\main\AndroidManifest.xml:35:19-48
activity#com.unity3d.player.MenuHidroponik
ADDED from src\main\AndroidManifest.xml:36:9-52
	android:name
		ADDED from src\main\AndroidManifest.xml:36:19-49
activity#com.unity3d.player.KonfigurasiPin
ADDED from src\main\AndroidManifest.xml:37:9-52
	android:name
		ADDED from src\main\AndroidManifest.xml:37:19-49
activity#com.unity3d.player.MainActivity
ADDED from src\main\AndroidManifest.xml:38:9-44:20
	android:name
		ADDED from src\main\AndroidManifest.xml:38:19-47
intent-filter#action:name:android.intent.action.MAIN+category:name:android.intent.category.LAUNCHER
ADDED from src\main\AndroidManifest.xml:39:13-43:29
action#android.intent.action.MAIN
ADDED from src\main\AndroidManifest.xml:40:17-69
	android:name
		ADDED from src\main\AndroidManifest.xml:40:25-66
category#android.intent.category.LAUNCHER
ADDED from src\main\AndroidManifest.xml:42:17-77
	android:name
		ADDED from src\main\AndroidManifest.xml:42:27-74
activity#com.unity3d.player.UnityPlayerActivity
ADDED from src\main\AndroidManifest.xml:45:9-58:20
	android:screenOrientation
		ADDED from src\main\AndroidManifest.xml:50:13-51
	android:launchMode
		ADDED from src\main\AndroidManifest.xml:49:13-44
	android:hardwareAccelerated
		ADDED from src\main\AndroidManifest.xml:48:13-48
	android:configChanges
		ADDED from src\main\AndroidManifest.xml:47:13-194
	android:theme
		ADDED from src\main\AndroidManifest.xml:51:13-54
	android:name
		ADDED from src\main\AndroidManifest.xml:46:13-48
meta-data#unityplayer.UnityActivity
ADDED from src\main\AndroidManifest.xml:52:13-54:40
	android:value
		ADDED from src\main\AndroidManifest.xml:54:17-37
	android:name
		ADDED from src\main\AndroidManifest.xml:53:17-57
meta-data#android.notch_support
ADDED from src\main\AndroidManifest.xml:55:13-57:40
	android:value
		ADDED from src\main\AndroidManifest.xml:57:17-37
	android:name
		ADDED from src\main\AndroidManifest.xml:56:17-53
meta-data#unity.splash-mode
ADDED from src\main\AndroidManifest.xml:60:9-62:33
	android:value
		ADDED from src\main\AndroidManifest.xml:62:13-30
	android:name
		ADDED from src\main\AndroidManifest.xml:61:13-45
meta-data#unity.splash-enable
ADDED from src\main\AndroidManifest.xml:63:9-65:36
	android:value
		ADDED from src\main\AndroidManifest.xml:65:13-33
	android:name
		ADDED from src\main\AndroidManifest.xml:64:13-47
meta-data#notch.config
ADDED from src\main\AndroidManifest.xml:66:9-68:50
	android:value
		ADDED from src\main\AndroidManifest.xml:68:13-47
	android:name
		ADDED from src\main\AndroidManifest.xml:67:13-40
meta-data#unity.build-id
ADDED from src\main\AndroidManifest.xml:69:9-71:68
	android:value
		ADDED from src\main\AndroidManifest.xml:71:13-65
	android:name
		ADDED from src\main\AndroidManifest.xml:70:13-42
meta-data#com.google.ar.core
ADDED from src\main\AndroidManifest.xml:72:9-74:40
	android:value
		ADDED from src\main\AndroidManifest.xml:74:13-37
	android:name
		ADDED from src\main\AndroidManifest.xml:73:13-46
uses-sdk
INJECTED from src\main\AndroidManifest.xml reason: use-sdk injection requested
INJECTED from src\main\AndroidManifest.xml
INJECTED from src\main\AndroidManifest.xml
INJECTED from src\main\AndroidManifest.xml
INJECTED from src\main\AndroidManifest.xml
	android:targetSdkVersion
		INJECTED from src\main\AndroidManifest.xml
		ADDED from src\main\AndroidManifest.xml
		INJECTED from src\main\AndroidManifest.xml
	android:minSdkVersion
		INJECTED from src\main\AndroidManifest.xml
		ADDED from src\main\AndroidManifest.xml
		INJECTED from src\main\AndroidManifest.xml